[debug] [2024-10-06T19:35:00.540Z] ----------------------------------------------------------------------
[debug] [2024-10-06T19:35:00.543Z] Command:       C:\Program Files\nodejs\node.exe C:\Users\muska\AppData\Roaming\npm\node_modules\firebase-tools\lib\bin\firebase.js init
[debug] [2024-10-06T19:35:00.543Z] CLI Version:   13.20.2
[debug] [2024-10-06T19:35:00.543Z] Platform:      win32
[debug] [2024-10-06T19:35:00.543Z] Node Version:  v20.16.0
[debug] [2024-10-06T19:35:00.544Z] Time:          Mon Oct 07 2024 01:05:00 GMT+0530 (India Standard Time)
[debug] [2024-10-06T19:35:00.544Z] ----------------------------------------------------------------------
[debug] 
[debug] [2024-10-06T19:35:00.550Z] > command requires scopes: ["email","openid","https://www.googleapis.com/auth/cloudplatformprojects.readonly","https://www.googleapis.com/auth/firebase","https://www.googleapis.com/auth/cloud-platform"]
[debug] [2024-10-06T19:35:00.550Z] > authorizing via signed-in user (muskan.16verma@gmail.com)
[info] 
     ######## #### ########  ######## ########     ###     ######  ########
     ##        ##  ##     ## ##       ##     ##  ##   ##  ##       ##
     ######    ##  ########  ######   ########  #########  ######  ######
     ##        ##  ##    ##  ##       ##     ## ##     ##       ## ##
     ##       #### ##     ## ######## ########  ##     ##  ######  ########

You're about to initialize a Firebase project in this directory:

  C:\Reactjs\expense

Before we get started, keep in mind:

  * You are currently outside your home directory

[info] 
=== Project Setup
[info] 
[info] First, let's associate this project directory with a Firebase project.
[info] You can create multiple project aliases by running firebase use --add, 
[info] but for now we'll just set up a default project.
[info] 
[debug] [2024-10-06T19:35:22.174Z] Checked if tokens are valid: true, expires at: 1728246882605
[debug] [2024-10-06T19:35:22.174Z] Checked if tokens are valid: true, expires at: 1728246882605
[debug] [2024-10-06T19:35:22.176Z] >>> [apiv2][query] GET https://firebase.googleapis.com/v1beta1/projects pageSize=100
[debug] [2024-10-06T19:35:22.940Z] <<< [apiv2][status] GET https://firebase.googleapis.com/v1beta1/projects 200
[debug] [2024-10-06T19:35:22.940Z] <<< [apiv2][body] GET https://firebase.googleapis.com/v1beta1/projects [omitted]
[info] i  Using project expense-e766d (expense) 
[info] 
=== Hosting Setup
[debug] [2024-10-06T19:36:09.433Z] Checked if tokens are valid: true, expires at: 1728246882605
[debug] [2024-10-06T19:36:09.433Z] Checked if tokens are valid: true, expires at: 1728246882605
[debug] [2024-10-06T19:36:09.433Z] >>> [apiv2][query] GET https://firebase.googleapis.com/v1beta1/projects/expense-e766d [none]
[debug] [2024-10-06T19:36:10.025Z] <<< [apiv2][status] GET https://firebase.googleapis.com/v1beta1/projects/expense-e766d 200
[debug] [2024-10-06T19:36:10.025Z] <<< [apiv2][body] GET https://firebase.googleapis.com/v1beta1/projects/expense-e766d {"projectId":"expense-e766d","projectNumber":"545527823022","displayName":"expense","name":"projects/expense-e766d","resources":{"hostingSite":"expense-e766d"},"state":"ACTIVE","etag":"1_f7170b47-f2cb-4f95-a8a6-07458ca69909"}
[info] 
[info] Your public directory is the folder (relative to your project directory) that
[info] will contain Hosting assets to be uploaded with firebase deploy. If you
[info] have a build process for your assets, use your build's output directory.
[info] 
[info] +  Wrote public/404.html 
[debug] [2024-10-06T19:37:16.702Z] >>> [apiv2][query] GET https://www.gstatic.com/firebasejs/releases.json [none]
[debug] [2024-10-06T19:37:16.906Z] <<< [apiv2][status] GET https://www.gstatic.com/firebasejs/releases.json 200
[debug] [2024-10-06T19:37:16.906Z] <<< [apiv2][body] GET https://www.gstatic.com/firebasejs/releases.json {"current":{"version":"10.14.0","browserURL":"https://www.gstatic.com/firebasejs/10.14.0/firebase.js","packageURL":"https://www.gstatic.com/firebasejs/10.14.0/firebase.tgz"},"live":{"version":"10.14","browserURL":"https://www.gstatic.com/firebasejs/live/10.14/firebase.js","packageURL":"https://www.gstatic.com/firebasejs/live/10.14/firebase.tgz"},"components":{"analytics":"https://www.gstatic.com/firebasejs/10.14.0/firebase-analytics.js","app":"https://www.gstatic.com/firebasejs/10.14.0/firebase-app.js","app-check":"https://www.gstatic.com/firebasejs/10.14.0/firebase-app-check.js","auth":"https://www.gstatic.com/firebasejs/10.14.0/firebase-auth.js","auth/cordova":"https://www.gstatic.com/firebasejs/10.14.0/firebase-auth/cordova.js","auth/web-extension":"https://www.gstatic.com/firebasejs/10.14.0/firebase-auth/web-extension.js","functions":"https://www.gstatic.com/firebasejs/10.14.0/firebase-functions.js","firestore":"https://www.gstatic.com/firebasejs/10.14.0/firebase-firestore.js","firestore/lite":"https://www.gstatic.com/firebasejs/10.14.0/firebase-firestore/lite.js","installations":"https://www.gstatic.com/firebasejs/10.14.0/firebase-installations.js","storage":"https://www.gstatic.com/firebasejs/10.14.0/firebase-storage.js","performance":"https://www.gstatic.com/firebasejs/10.14.0/firebase-performance.js","remote-config":"https://www.gstatic.com/firebasejs/10.14.0/firebase-remote-config.js","messaging":"https://www.gstatic.com/firebasejs/10.14.0/firebase-messaging.js","messaging/sw":"https://www.gstatic.com/firebasejs/10.14.0/firebase-messaging/sw.js","database":"https://www.gstatic.com/firebasejs/10.14.0/firebase-database.js","data-connect":"https://www.gstatic.com/firebasejs/10.14.0/firebase-data-connect.js","vertexai-preview":"https://www.gstatic.com/firebasejs/10.14.0/firebase-vertexai-preview.js","firestore.memory":"https://www.gstatic.com/firebasejs/10.14.0/firebase-firestore.memory.js"}}
[info] i  Skipping write of public/index.html 
[info] 
[info] i  Detected a .git folder at C:\Reactjs\expense 
[info] i  Authorizing with GitHub to upload your service account to a GitHub repository's secrets store. 
[info] 
[info] Visit this URL on this device to log in:
[info] https://github.com/login/oauth/authorize?client_id=89cf50f02ac6aaed3484&state=655444192&redirect_uri=http%3A%2F%2Flocalhost%3A9005&scope=read%3Auser%20repo%20public_repo
[info] 
[info] Waiting for authentication...
[debug] [2024-10-06T19:37:48.254Z] >>> [apiv2][query] POST https://github.com/login/oauth/access_token [none]
[debug] [2024-10-06T19:37:48.254Z] >>> [apiv2][body] POST https://github.com/login/oauth/access_token [stream]
[debug] [2024-10-06T19:37:48.565Z] <<< [apiv2][status] POST https://github.com/login/oauth/access_token 200
[debug] [2024-10-06T19:37:48.565Z] <<< [apiv2][body] POST https://github.com/login/oauth/access_token {"access_token":"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","token_type":"bearer","scope":"read:user,repo"}
[debug] [2024-10-06T19:37:48.569Z] >>> [apiv2][query] GET https://api.github.com/user [none]
[debug] [2024-10-06T19:37:48.958Z] <<< [apiv2][status] GET https://api.github.com/user 200
[debug] [2024-10-06T19:37:48.958Z] <<< [apiv2][body] GET https://api.github.com/user {"login":"Muskan20012","id":89124822,"node_id":"MDQ6VXNlcjg5MTI0ODIy","avatar_url":"https://avatars.githubusercontent.com/u/89124822?v=4","gravatar_id":"","url":"https://api.github.com/users/Muskan20012","html_url":"https://github.com/Muskan20012","followers_url":"https://api.github.com/users/Muskan20012/followers","following_url":"https://api.github.com/users/Muskan20012/following{/other_user}","gists_url":"https://api.github.com/users/Muskan20012/gists{/gist_id}","starred_url":"https://api.github.com/users/Muskan20012/starred{/owner}{/repo}","subscriptions_url":"https://api.github.com/users/Muskan20012/subscriptions","organizations_url":"https://api.github.com/users/Muskan20012/orgs","repos_url":"https://api.github.com/users/Muskan20012/repos","events_url":"https://api.github.com/users/Muskan20012/events{/privacy}","received_events_url":"https://api.github.com/users/Muskan20012/received_events","type":"User","site_admin":false,"name":"Muskan Verma","company":null,"blog":"","location":null,"email":null,"hireable":null,"bio":null,"twitter_username":null,"notification_email":null,"public_repos":10,"public_gists":0,"followers":0,"following":0,"created_at":"2021-08-18T06:43:00Z","updated_at":"2024-10-06T08:16:00Z","private_gists":0,"total_private_repos":1,"owned_private_repos":1,"disk_usage":37941,"collaborators":0,"two_factor_authentication":false,"plan":{"name":"pro","space":976562499,"collaborators":0,"private_repos":9999}}
[info] 
[info] +  Success! Logged into GitHub as Muskan20012 
[info] 
